# JRE version: Java(TM) SE Runtime Environment (8.0_321-b07) (build 1.8.0_321-b07)
# Java VM: Java HotSpot(TM) 64-Bit Server VM (25.321-b07 mixed mode linux-amd64 compressed oops)
Heap:
 PSYoungGen      total 644608K, used 429967K [0x000000076dc00000, 0x00000007a5480000, 0x00000007c0000000)
  eden space 430080K, 99% used [0x000000076dc00000,0x0000000787fe3f68,0x0000000788000000)
  from space 214528K, 0% used [0x0000000796180000,0x0000000796180000,0x00000007a3300000)
  to   space 230912K, 0% used [0x0000000788000000,0x0000000788000000,0x0000000796180000)
 ParOldGen       total 2695168K, used 2695154K [0x00000006c9400000, 0x000000076dc00000, 0x000000076dc00000)
  object space 2695168K, 99% used [0x00000006c9400000,0x000000076dbfc940,0x000000076dc00000)
 Metaspace       used 20166K, capacity 20436K, committed 20864K, reserved 1067008K
  class space    used 2211K, capacity 2324K, committed 2432K, reserved 1048576K
GC Heap History (10 events):
Event: 839.478 GC heap after
Heap after GC invocations=1155 (full 295):
 PSYoungGen      total 644608K, used 429912K [0x000000076dc00000, 0x00000007a5480000, 0x00000007c0000000)
  eden space 430080K, 99% used [0x000000076dc00000,0x0000000787fd6088,0x0000000788000000)
  from space 214528K, 0% used [0x0000000796180000,0x0000000796180000,0x00000007a3300000)
  to   space 230912K, 0% used [0x0000000788000000,0x0000000788000000,0x0000000796180000)
 ParOldGen       total 2695168K, used 2695090K [0x00000006c9400000, 0x000000076dc00000, 0x000000076dc00000)
  object space 2695168K, 99% used [0x00000006c9400000,0x000000076dbec8d8,0x000000076dc00000)
 Metaspace       used 20161K, capacity 20430K, committed 20864K, reserved 1067008K
  class space    used 2211K, capacity 2323K, committed 2432K, reserved 1048576K
}
Event: 839.618 GC heap before
{Heap before GC invocations=1156 (full 296):
 PSYoungGen      total 644608K, used 430080K [0x000000076dc00000, 0x00000007a5480000, 0x00000007c0000000)
  eden space 430080K, 100% used [0x000000076dc00000,0x0000000788000000,0x0000000788000000)
  from space 214528K, 0% used [0x0000000796180000,0x0000000796180000,0x00000007a3300000)
  to   space 230912K, 0% used [0x0000000788000000,0x0000000788000000,0x0000000796180000)
 ParOldGen       total 2695168K, used 2695167K [0x00000006c9400000, 0x000000076dc00000, 0x000000076dc00000)
  object space 2695168K, 99% used [0x00000006c9400000,0x000000076dbffde8,0x000000076dc00000)
 Metaspace       used 20162K, capacity 20430K, committed 20864K, reserved 1067008K
  class space    used 2211K, capacity 2323K, committed 2432K, reserved 1048576K
Event: 839.782 GC heap after
Heap after GC invocations=1156 (full 296):
 PSYoungGen      total 644608K, used 429494K [0x000000076dc00000, 0x00000007a5480000, 0x00000007c0000000)
  eden space 430080K, 99% used [0x000000076dc00000,0x0000000787f6dab8,0x0000000788000000)
  from space 214528K, 0% used [0x0000000796180000,0x0000000796180000,0x00000007a3300000)
  to   space 230912K, 0% used [0x0000000788000000,0x0000000788000000,0x0000000796180000)
 ParOldGen       total 2695168K, used 2695154K [0x00000006c9400000, 0x000000076dc00000, 0x000000076dc00000)
  object space 2695168K, 99% used [0x00000006c9400000,0x000000076dbfc958,0x000000076dc00000)
 Metaspace       used 20162K, capacity 20430K, committed 20864K, reserved 1067008K
  class space    used 2211K, capacity 2323K, committed 2432K, reserved 1048576K
}
Event: 839.783 GC heap before
{Heap before GC invocations=1157 (full 297):
 PSYoungGen      total 644608K, used 429977K [0x000000076dc00000, 0x00000007a5480000, 0x00000007c0000000)
  eden space 430080K, 99% used [0x000000076dc00000,0x0000000787fe6640,0x0000000788000000)
  from space 214528K, 0% used [0x0000000796180000,0x0000000796180000,0x00000007a3300000)
  to   space 230912K, 0% used [0x0000000788000000,0x0000000788000000,0x0000000796180000)
 ParOldGen       total 2695168K, used 2695154K [0x00000006c9400000, 0x000000076dc00000, 0x000000076dc00000)
  object space 2695168K, 99% used [0x00000006c9400000,0x000000076dbfc958,0x000000076dc00000)
 Metaspace       used 20162K, capacity 20430K, committed 20864K, reserved 1067008K
  class space    used 2211K, capacity 2323K, committed 2432K, reserved 1048576K
Event: 839.832 GC heap after
Heap after GC invocations=1157 (full 297):
 PSYoungGen      total 644608K, used 429928K [0x000000076dc00000, 0x00000007a5480000, 0x00000007c0000000)
  eden space 430080K, 99% used [0x000000076dc00000,0x0000000787fda160,0x0000000788000000)
  from space 214528K, 0% used [0x0000000796180000,0x0000000796180000,0x00000007a3300000)
  to   space 230912K, 0% used [0x0000000788000000,0x0000000788000000,0x0000000796180000)
 ParOldGen       total 2695168K, used 2695082K [0x00000006c9400000, 0x000000076dc00000, 0x000000076dc00000)
  object space 2695168K, 99% used [0x00000006c9400000,0x000000076dbea8c8,0x000000076dc00000)
 Metaspace       used 20162K, capacity 20430K, committed 20864K, reserved 1067008K
  class space    used 2211K, capacity 2323K, committed 2432K, reserved 1048576K
}
Event: 839.832 GC heap before
{Heap before GC invocations=1158 (full 298):
 PSYoungGen      total 644608K, used 429928K [0x000000076dc00000, 0x00000007a5480000, 0x00000007c0000000)
  eden space 430080K, 99% used [0x000000076dc00000,0x0000000787fda160,0x0000000788000000)
  from space 214528K, 0% used [0x0000000796180000,0x0000000796180000,0x00000007a3300000)
  to   space 230912K, 0% used [0x0000000788000000,0x0000000788000000,0x0000000796180000)
 ParOldGen       total 2695168K, used 2695082K [0x00000006c9400000, 0x000000076dc00000, 0x000000076dc00000)
  object space 2695168K, 99% used [0x00000006c9400000,0x000000076dbea8c8,0x000000076dc00000)
 Metaspace       used 20162K, capacity 20430K, committed 20864K, reserved 1067008K
  class space    used 2211K, capacity 2323K, committed 2432K, reserved 1048576K
Event: 839.874 GC heap after
Heap after GC invocations=1158 (full 298):
 PSYoungGen      total 644608K, used 429919K [0x000000076dc00000, 0x00000007a5480000, 0x00000007c0000000)
  eden space 430080K, 99% used [0x000000076dc00000,0x0000000787fd7d20,0x0000000788000000)
  from space 214528K, 0% used [0x0000000796180000,0x0000000796180000,0x00000007a3300000)
  to   space 230912K, 0% used [0x0000000788000000,0x0000000788000000,0x0000000796180000)
 ParOldGen       total 2695168K, used 2695082K [0x00000006c9400000, 0x000000076dc00000, 0x000000076dc00000)
  object space 2695168K, 99% used [0x00000006c9400000,0x000000076dbea8c8,0x000000076dc00000)
 Metaspace       used 20162K, capacity 20430K, committed 20864K, reserved 1067008K
  class space    used 2211K, capacity 2323K, committed 2432K, reserved 1048576K
}
Event: 839.990 GC heap before
{Heap before GC invocations=1159 (full 299):
 PSYoungGen      total 644608K, used 430080K [0x000000076dc00000, 0x00000007a5480000, 0x00000007c0000000)
  eden space 430080K, 100% used [0x000000076dc00000,0x0000000788000000,0x0000000788000000)
  from space 214528K, 0% used [0x0000000796180000,0x0000000796180000,0x00000007a3300000)
  to   space 230912K, 0% used [0x0000000788000000,0x0000000788000000,0x0000000796180000)
 ParOldGen       total 2695168K, used 2695165K [0x00000006c9400000, 0x000000076dc00000, 0x000000076dc00000)
  object space 2695168K, 99% used [0x00000006c9400000,0x000000076dbff428,0x000000076dc00000)
 Metaspace       used 20166K, capacity 20436K, committed 20864K, reserved 1067008K
  class space    used 2211K, capacity 2324K, committed 2432K, reserved 1048576K
Event: 841.024 GC heap after
Heap after GC invocations=1159 (full 299):
 PSYoungGen      total 644608K, used 429487K [0x000000076dc00000, 0x00000007a5480000, 0x00000007c0000000)
  eden space 430080K, 99% used [0x000000076dc00000,0x0000000787f6bc80,0x0000000788000000)
  from space 214528K, 0% used [0x0000000796180000,0x0000000796180000,0x00000007a3300000)
  to   space 230912K, 0% used [0x0000000788000000,0x0000000788000000,0x0000000796180000)
 ParOldGen       total 2695168K, used 2695154K [0x00000006c9400000, 0x000000076dc00000, 0x000000076dc00000)
  object space 2695168K, 99% used [0x00000006c9400000,0x000000076dbfc940,0x000000076dc00000)
 Metaspace       used 20166K, capacity 20436K, committed 20864K, reserved 1067008K
  class space    used 2211K, capacity 2324K, committed 2432K, reserved 1048576K
}
Event: 841.025 GC heap before
{Heap before GC invocations=1160 (full 300):
 PSYoungGen      total 644608K, used 429967K [0x000000076dc00000, 0x00000007a5480000, 0x00000007c0000000)
  eden space 430080K, 99% used [0x000000076dc00000,0x0000000787fe3f68,0x0000000788000000)
  from space 214528K, 0% used [0x0000000796180000,0x0000000796180000,0x00000007a3300000)
  to   space 230912K, 0% used [0x0000000788000000,0x0000000788000000,0x0000000796180000)
 ParOldGen       total 2695168K, used 2695154K [0x00000006c9400000, 0x000000076dc00000, 0x000000076dc00000)
  object space 2695168K, 99% used [0x00000006c9400000,0x000000076dbfc940,0x000000076dc00000)
 Metaspace       used 20166K, capacity 20436K, committed 20864K, reserved 1067008K
  class space    used 2211K, capacity 2324K, committed 2432K, reserved 1048576K

